Error: Failed to parse private key: Error: Unparsed DER bytes remain after ASN.1 parsing. Error: Failed to parse private key: Error: Unparsed DER bytes remain after ASN.1 parsing.
    at new ServiceAccount (D:\ASL\alphasciencelab\node_modules\firebase-admin\lib\app\credential-internal.js:182:19)
    at new ServiceAccountCredential (D:\ASL\alphasciencelab\node_modules\firebase-admin\lib\app\credential-internal.js:118:15)
    at Object.cert (D:\ASL\alphasciencelab\node_modules\firebase-admin\lib\app\credential-factory.js:105:54)
    at module evaluation (D:\ASL\alphasciencelab\.next\dev\server\chunks\[root-of-the-server]__e62630bf._.js:144:219)
    at instantiateModule (D:\ASL\alphasciencelab\.next\dev\server\chunks\[turbopack]_runtime.js:740:9)
    at getOrInstantiateModuleFromParent (D:\ASL\alphasciencelab\.next\dev\server\chunks\[turbopack]_runtime.js:763:12)
    at Context.esmImport [as i] (D:\ASL\alphasciencelab\.next\dev\server\chunks\[turbopack]_runtime.js:228:20)
    at module evaluation (D:\ASL\alphasciencelab\.next\dev\server\chunks\[root-of-the-server]__e62630bf._.js:175:148)
    at instantiateModule (D:\ASL\alphasciencelab\.next\dev\server\chunks\[turbopack]_runtime.js:740:9)
    at getOrInstantiateModuleFromParent (D:\ASL\alphasciencelab\.next\dev\server\chunks\[turbopack]_runtime.js:763:12)
    at Context.esmImport [as i] (D:\ASL\alphasciencelab\.next\dev\server\chunks\[turbopack]_runtime.js:228:20)
    at module evaluation (D:\ASL\alphasciencelab\.next\dev\server\chunks\[root-of-the-server]__3956f4ed._.js:19100:167)
    at instantiateModule (D:\ASL\alphasciencelab\.next\dev\server\chunks\[turbopack]_runtime.js:740:9)
    at instantiateRuntimeModule (D:\ASL\alphasciencelab\.next\dev\server\chunks\[turbopack]_runtime.js:768:12)
    at getOrInstantiateRuntimeModule (D:\ASL\alphasciencelab\.next\dev\server\chunks\[turbopack]_runtime.js:781:12)
    at Object.m (D:\ASL\alphasciencelab\.next\dev\server\chunks\[turbopack]_runtime.js:790:18)
    at Object.<anonymous> (D:\ASL\alphasciencelab\.next\dev\server\app\api\admin\members\route.js:5:3)
    at Module._compile (node:internal/modules/cjs/loader:1738:14)
    at Object..js (node:internal/modules/cjs/loader:1871:10)
    at Module.load (node:internal/modules/cjs/loader:1470:32)
    at Module._load (node:internal/modules/cjs/loader:1290:12)
    at TracingChannel.traceSync (node:diagnostics_channel:322:14)
    at wrapModuleLoad (node:internal/modules/cjs/loader:238:24)
    at Module.<anonymous> (node:internal/modules/cjs/loader:1493:12)
    at mod.require (D:\ASL\alphasciencelab\node_modules\next\dist\server\require-hook.js:68:28)
    at require (node:internal/modules/helpers:152:16)
    at requirePage (D:\ASL\alphasciencelab\node_modules\next\dist\server\require.js:105:80)
    at loadComponentsImpl (D:\ASL\alphasciencelab\node_modules\next\dist\server\load-components.js:155:61)
    at DevServer.findPageComponentsImpl (D:\ASL\alphasciencelab\node_modules\next\dist\server\next-server.js:877:77)
    at D:\ASL\alphasciencelab\node_modules\next\dist\server\next-server.js:859:21
    at D:\ASL\alphasciencelab\node_modules\next\dist\server\lib\trace\tracer.js:185:36
    at NoopContextManager.with (D:\ASL\alphasciencelab\node_modules\@opentelemetry\api\build\src\context\NoopContextManager.js:25:19)
    at ContextAPI.with (D:\ASL\alphasciencelab\node_modules\@opentelemetry\api\build\src\api\context.js:60:46)
    at NoopTracer.startActiveSpan (D:\ASL\alphasciencelab\node_modules\@opentelemetry\api\build\src\trace\NoopTracer.js:65:31)
    at ProxyTracer.startActiveSpan (D:\ASL\alphasciencelab\node_modules\@opentelemetry\api\build\src\trace\ProxyTracer.js:36:24)
    at D:\ASL\alphasciencelab\node_modules\next\dist\server\lib\trace\tracer.js:154:103
    at NoopContextManager.with (D:\ASL\alphasciencelab\node_modules\@opentelemetry\api\build\src\context\NoopContextManager.js:25:19)
    at ContextAPI.with (D:\ASL\alphasciencelab\node_modules\@opentelemetry\api\build\src\api\context.js:60:46)
    at NextTracerImpl.trace (D:\ASL\alphasciencelab\node_modules\next\dist\server\lib\trace\tracer.js:154:28)
    at DevServer.findPageComponents (D:\ASL\alphasciencelab\node_modules\next\dist\server\next-server.js:854:41)
    at DevServer.findPageComponents (D:\ASL\alphasciencelab\node_modules\next\dist\server\dev\next-dev-server.js:691:28)
    at async DevServer.renderPageComponent (D:\ASL\alphasciencelab\node_modules\next\dist\server\base-server.js:1480:24)
    at async DevServer.renderToResponseImpl (D:\ASL\alphasciencelab\node_modules\next\dist\server\base-server.js:1544:32)
    at async DevServer.pipeImpl (D:\ASL\alphasciencelab\node_modules\next\dist\server\base-server.js:1038:25)
    at async NextNodeServer.handleCatchallRenderRequest (D:\ASL\alphasciencelab\node_modules\next\dist\server\next-server.js:395:17)
    at async DevServer.handleRequestImpl (D:\ASL\alphasciencelab\node_modules\next\dist\server\base-server.js:929:17)
    at async D:\ASL\alphasciencelab\node_modules\next\dist\server\dev\next-dev-server.js:387:20
    at async Span.traceAsyncFn (D:\ASL\alphasciencelab\node_modules\next\dist\trace\trace.js:157:20)
    at async DevServer.handleRequest (D:\ASL\alphasciencelab\node_modules\next\dist\server\dev\next-dev-server.js:383:24)
    at async invokeRender (D:\ASL\alphasciencelab\node_modules\next\dist\server\lib\router-server.js:248:21)